-------------------------------------------------------------------------------
Test set: org.example.Java_jenkins_in_docker.AppTest
-------------------------------------------------------------------------------
Tests run: 1, Failures: 1, Errors: 0, Skipped: 0, Time elapsed: 0.099 s <<< FAILURE! - in org.example.Java_jenkins_in_docker.AppTest
shouldAnswerWithTrue(org.example.Java_jenkins_in_docker.AppTest)  Time elapsed: 0.011 s  <<< FAILURE!
java.lang.AssertionError
	at org.example.Java_jenkins_in_docker.AppTest.shouldAnswerWithTrue(AppTest.java:20)

